This is pdfTeX, Version 3.14159265-2.6-1.40.17 (MiKTeX 2.9) (preloaded format=pdflatex 2016.7.6)  24 AUG 2016 15:34
entering extended mode
**./rapport.tex
(rapport.tex
LaTeX2e <2016/03/31> patch level 1
Babel <3.9r> and hyphenation patterns for 75 language(s) loaded.
(D:\users\SYNETIS\Alexandre_kervadec\LaTeX\tex\latex\base\article.cls
Document Class: article 2014/09/29 v1.4h Standard LaTeX document class
(D:\users\SYNETIS\Alexandre_kervadec\LaTeX\tex\latex\base\size11.clo
File: size11.clo 2014/09/29 v1.4h Standard LaTeX file (size option)
)
\c@part=\count79
\c@section=\count80
\c@subsection=\count81
\c@subsubsection=\count82
\c@paragraph=\count83
\c@subparagraph=\count84
\c@figure=\count85
\c@table=\count86
\abovecaptionskip=\skip41
\belowcaptionskip=\skip42
\bibindent=\dimen102
)
(D:\users\SYNETIS\Alexandre_kervadec\LaTeX\tex\generic\babel\babel.sty
Package: babel 2016/04/23 3.9r The Babel package

*************************************
* Local config file bblopts.cfg used
*
(D:\users\SYNETIS\Alexandre_kervadec\LaTeX\tex\latex\arabi\bblopts.cfg
File: bblopts.cfg 2005/09/08 v0.1 add Arabic and Farsi to "declared" options of
 babel
)
(D:\users\SYNETIS\Alexandre_kervadec\LaTeX\tex\latex\babel-english\english.ldf
Language: english 2012/08/20 v3.3p English support from the babel system

(D:\users\SYNETIS\Alexandre_kervadec\LaTeX\tex\generic\babel\babel.def
File: babel.def 2016/04/23 3.9r Babel common definitions
\babel@savecnt=\count87
\U@D=\dimen103
)
\l@canadian = a dialect from \language\l@american 
\l@australian = a dialect from \language\l@british 
\l@newzealand = a dialect from \language\l@british 
)
(D:\users\SYNETIS\Alexandre_kervadec\LaTeX\tex\latex\babel-french\frenchb.ldf
Language: frenchb 2016/05/14 v3.2c French support from the babel system
\l@acadian = a dialect from \language\l@french 
\l@canadien = a dialect from \language\l@french 
\FB@nonchar=\count88
\FBcolonskip=\skip43
\FBthinskip=\skip44
Package babel Info: Making : an active character on input line 365.
Package babel Info: Making ; an active character on input line 366.
Package babel Info: Making ! an active character on input line 367.
Package babel Info: Making ? an active character on input line 368.
\FBguillskip=\skip45
\FBguill@level=\count89
\FB@everypar=\toks14
\FB@Mht=\dimen104
\std@mcc=\count90
\dec@mcc=\count91
\listindentFB=\skip46
\labelwidthFB=\skip47
\leftmarginFB=\skip48
\parindentFFN=\dimen105
\FBfnindent=\skip49
)) (D:\users\SYNETIS\Alexandre_kervadec\LaTeX\tex\latex\carlisle\scalefnt.sty)
(D:\users\SYNETIS\Alexandre_kervadec\LaTeX\tex\latex\graphics\keyval.sty
Package: keyval 2014/10/28 v1.15 key=value parser (DPC)
\KV@toks@=\toks15
)
(D:\users\SYNETIS\Alexandre_kervadec\LaTeX\tex\latex\base\inputenc.sty
Package: inputenc 2015/03/17 v1.2c Input encoding file
\inpenc@prehook=\toks16
\inpenc@posthook=\toks17

(D:\users\SYNETIS\Alexandre_kervadec\LaTeX\tex\latex\base\utf8.def
File: utf8.def 2016/02/28 v1.1s UTF-8 support for inputenc
Now handling font encoding OML ...
... no UTF-8 mapping file for font encoding OML
Now handling font encoding T1 ...
... processing UTF-8 mapping file for font encoding T1

(D:\users\SYNETIS\Alexandre_kervadec\LaTeX\tex\latex\base\t1enc.dfu
File: t1enc.dfu 2016/02/28 v1.1s UTF-8 support for inputenc
   defining Unicode char U+00A0 (decimal 160)
   defining Unicode char U+00A1 (decimal 161)
   defining Unicode char U+00A3 (decimal 163)
   defining Unicode char U+00AB (decimal 171)
   defining Unicode char U+00AD (decimal 173)
   defining Unicode char U+00BB (decimal 187)
   defining Unicode char U+00BF (decimal 191)
   defining Unicode char U+00C0 (decimal 192)
   defining Unicode char U+00C1 (decimal 193)
   defining Unicode char U+00C2 (decimal 194)
   defining Unicode char U+00C3 (decimal 195)
   defining Unicode char U+00C4 (decimal 196)
   defining Unicode char U+00C5 (decimal 197)
   defining Unicode char U+00C6 (decimal 198)
   defining Unicode char U+00C7 (decimal 199)
   defining Unicode char U+00C8 (decimal 200)
   defining Unicode char U+00C9 (decimal 201)
   defining Unicode char U+00CA (decimal 202)
   defining Unicode char U+00CB (decimal 203)
   defining Unicode char U+00CC (decimal 204)
   defining Unicode char U+00CD (decimal 205)
   defining Unicode char U+00CE (decimal 206)
   defining Unicode char U+00CF (decimal 207)
   defining Unicode char U+00D0 (decimal 208)
   defining Unicode char U+00D1 (decimal 209)
   defining Unicode char U+00D2 (decimal 210)
   defining Unicode char U+00D3 (decimal 211)
   defining Unicode char U+00D4 (decimal 212)
   defining Unicode char U+00D5 (decimal 213)
   defining Unicode char U+00D6 (decimal 214)
   defining Unicode char U+00D8 (decimal 216)
   defining Unicode char U+00D9 (decimal 217)
   defining Unicode char U+00DA (decimal 218)
   defining Unicode char U+00DB (decimal 219)
   defining Unicode char U+00DC (decimal 220)
   defining Unicode char U+00DD (decimal 221)
   defining Unicode char U+00DE (decimal 222)
   defining Unicode char U+00DF (decimal 223)
   defining Unicode char U+00E0 (decimal 224)
   defining Unicode char U+00E1 (decimal 225)
   defining Unicode char U+00E2 (decimal 226)
   defining Unicode char U+00E3 (decimal 227)
   defining Unicode char U+00E4 (decimal 228)
   defining Unicode char U+00E5 (decimal 229)
   defining Unicode char U+00E6 (decimal 230)
   defining Unicode char U+00E7 (decimal 231)
   defining Unicode char U+00E8 (decimal 232)
   defining Unicode char U+00E9 (decimal 233)
   defining Unicode char U+00EA (decimal 234)
   defining Unicode char U+00EB (decimal 235)
   defining Unicode char U+00EC (decimal 236)
   defining Unicode char U+00ED (decimal 237)
   defining Unicode char U+00EE (decimal 238)
   defining Unicode char U+00EF (decimal 239)
   defining Unicode char U+00F0 (decimal 240)
   defining Unicode char U+00F1 (decimal 241)
   defining Unicode char U+00F2 (decimal 242)
   defining Unicode char U+00F3 (decimal 243)
   defining Unicode char U+00F4 (decimal 244)
   defining Unicode char U+00F5 (decimal 245)
   defining Unicode char U+00F6 (decimal 246)
   defining Unicode char U+00F8 (decimal 248)
   defining Unicode char U+00F9 (decimal 249)
   defining Unicode char U+00FA (decimal 250)
   defining Unicode char U+00FB (decimal 251)
   defining Unicode char U+00FC (decimal 252)
   defining Unicode char U+00FD (decimal 253)
   defining Unicode char U+00FE (decimal 254)
   defining Unicode char U+00FF (decimal 255)
   defining Unicode char U+0100 (decimal 256)
   defining Unicode char U+0101 (decimal 257)
   defining Unicode char U+0102 (decimal 258)
   defining Unicode char U+0103 (decimal 259)
   defining Unicode char U+0104 (decimal 260)
   defining Unicode char U+0105 (decimal 261)
   defining Unicode char U+0106 (decimal 262)
   defining Unicode char U+0107 (decimal 263)
   defining Unicode char U+0108 (decimal 264)
   defining Unicode char U+0109 (decimal 265)
   defining Unicode char U+010A (decimal 266)
   defining Unicode char U+010B (decimal 267)
   defining Unicode char U+010C (decimal 268)
   defining Unicode char U+010D (decimal 269)
   defining Unicode char U+010E (decimal 270)
   defining Unicode char U+010F (decimal 271)
   defining Unicode char U+0110 (decimal 272)
   defining Unicode char U+0111 (decimal 273)
   defining Unicode char U+0112 (decimal 274)
   defining Unicode char U+0113 (decimal 275)
   defining Unicode char U+0114 (decimal 276)
   defining Unicode char U+0115 (decimal 277)
   defining Unicode char U+0116 (decimal 278)
   defining Unicode char U+0117 (decimal 279)
   defining Unicode char U+0118 (decimal 280)
   defining Unicode char U+0119 (decimal 281)
   defining Unicode char U+011A (decimal 282)
   defining Unicode char U+011B (decimal 283)
   defining Unicode char U+011C (decimal 284)
   defining Unicode char U+011D (decimal 285)
   defining Unicode char U+011E (decimal 286)
   defining Unicode char U+011F (decimal 287)
   defining Unicode char U+0120 (decimal 288)
   defining Unicode char U+0121 (decimal 289)
   defining Unicode char U+0122 (decimal 290)
   defining Unicode char U+0123 (decimal 291)
   defining Unicode char U+0124 (decimal 292)
   defining Unicode char U+0125 (decimal 293)
   defining Unicode char U+0128 (decimal 296)
   defining Unicode char U+0129 (decimal 297)
   defining Unicode char U+012A (decimal 298)
   defining Unicode char U+012B (decimal 299)
   defining Unicode char U+012C (decimal 300)
   defining Unicode char U+012D (decimal 301)
   defining Unicode char U+012E (decimal 302)
   defining Unicode char U+012F (decimal 303)
   defining Unicode char U+0130 (decimal 304)
   defining Unicode char U+0131 (decimal 305)
   defining Unicode char U+0132 (decimal 306)
   defining Unicode char U+0133 (decimal 307)
   defining Unicode char U+0134 (decimal 308)
   defining Unicode char U+0135 (decimal 309)
   defining Unicode char U+0136 (decimal 310)
   defining Unicode char U+0137 (decimal 311)
   defining Unicode char U+0139 (decimal 313)
   defining Unicode char U+013A (decimal 314)
   defining Unicode char U+013B (decimal 315)
   defining Unicode char U+013C (decimal 316)
   defining Unicode char U+013D (decimal 317)
   defining Unicode char U+013E (decimal 318)
   defining Unicode char U+0141 (decimal 321)
   defining Unicode char U+0142 (decimal 322)
   defining Unicode char U+0143 (decimal 323)
   defining Unicode char U+0144 (decimal 324)
   defining Unicode char U+0145 (decimal 325)
   defining Unicode char U+0146 (decimal 326)
   defining Unicode char U+0147 (decimal 327)
   defining Unicode char U+0148 (decimal 328)
   defining Unicode char U+014A (decimal 330)
   defining Unicode char U+014B (decimal 331)
   defining Unicode char U+014C (decimal 332)
   defining Unicode char U+014D (decimal 333)
   defining Unicode char U+014E (decimal 334)
   defining Unicode char U+014F (decimal 335)
   defining Unicode char U+0150 (decimal 336)
   defining Unicode char U+0151 (decimal 337)
   defining Unicode char U+0152 (decimal 338)
   defining Unicode char U+0153 (decimal 339)
   defining Unicode char U+0154 (decimal 340)
   defining Unicode char U+0155 (decimal 341)
   defining Unicode char U+0156 (decimal 342)
   defining Unicode char U+0157 (decimal 343)
   defining Unicode char U+0158 (decimal 344)
   defining Unicode char U+0159 (decimal 345)
   defining Unicode char U+015A (decimal 346)
   defining Unicode char U+015B (decimal 347)
   defining Unicode char U+015C (decimal 348)
   defining Unicode char U+015D (decimal 349)
   defining Unicode char U+015E (decimal 350)
   defining Unicode char U+015F (decimal 351)
   defining Unicode char U+0160 (decimal 352)
   defining Unicode char U+0161 (decimal 353)
   defining Unicode char U+0162 (decimal 354)
   defining Unicode char U+0163 (decimal 355)
   defining Unicode char U+0164 (decimal 356)
   defining Unicode char U+0165 (decimal 357)
   defining Unicode char U+0168 (decimal 360)
   defining Unicode char U+0169 (decimal 361)
   defining Unicode char U+016A (decimal 362)
   defining Unicode char U+016B (decimal 363)
   defining Unicode char U+016C (decimal 364)
   defining Unicode char U+016D (decimal 365)
   defining Unicode char U+016E (decimal 366)
   defining Unicode char U+016F (decimal 367)
   defining Unicode char U+0170 (decimal 368)
   defining Unicode char U+0171 (decimal 369)
   defining Unicode char U+0172 (decimal 370)
   defining Unicode char U+0173 (decimal 371)
   defining Unicode char U+0174 (decimal 372)
   defining Unicode char U+0175 (decimal 373)
   defining Unicode char U+0176 (decimal 374)
   defining Unicode char U+0177 (decimal 375)
   defining Unicode char U+0178 (decimal 376)
   defining Unicode char U+0179 (decimal 377)
   defining Unicode char U+017A (decimal 378)
   defining Unicode char U+017B (decimal 379)
   defining Unicode char U+017C (decimal 380)
   defining Unicode char U+017D (decimal 381)
   defining Unicode char U+017E (decimal 382)
   defining Unicode char U+01CD (decimal 461)
   defining Unicode char U+01CE (decimal 462)
   defining Unicode char U+01CF (decimal 463)
   defining Unicode char U+01D0 (decimal 464)
   defining Unicode char U+01D1 (decimal 465)
   defining Unicode char U+01D2 (decimal 466)
   defining Unicode char U+01D3 (decimal 467)
   defining Unicode char U+01D4 (decimal 468)
   defining Unicode char U+01E2 (decimal 482)
   defining Unicode char U+01E3 (decimal 483)
   defining Unicode char U+01E6 (decimal 486)
   defining Unicode char U+01E7 (decimal 487)
   defining Unicode char U+01E8 (decimal 488)
   defining Unicode char U+01E9 (decimal 489)
   defining Unicode char U+01EA (decimal 490)
   defining Unicode char U+01EB (decimal 491)
   defining Unicode char U+01F0 (decimal 496)
   defining Unicode char U+01F4 (decimal 500)
   defining Unicode char U+01F5 (decimal 501)
   defining Unicode char U+0218 (decimal 536)
   defining Unicode char U+0219 (decimal 537)
   defining Unicode char U+021A (decimal 538)
   defining Unicode char U+021B (decimal 539)
   defining Unicode char U+1E02 (decimal 7682)
   defining Unicode char U+1E03 (decimal 7683)
   defining Unicode char U+200C (decimal 8204)
   defining Unicode char U+2010 (decimal 8208)
   defining Unicode char U+2011 (decimal 8209)
   defining Unicode char U+2012 (decimal 8210)
   defining Unicode char U+2013 (decimal 8211)
   defining Unicode char U+2014 (decimal 8212)
   defining Unicode char U+2015 (decimal 8213)
   defining Unicode char U+2018 (decimal 8216)
   defining Unicode char U+2019 (decimal 8217)
   defining Unicode char U+201A (decimal 8218)
   defining Unicode char U+201C (decimal 8220)
   defining Unicode char U+201D (decimal 8221)
   defining Unicode char U+201E (decimal 8222)
   defining Unicode char U+2030 (decimal 8240)
   defining Unicode char U+2031 (decimal 8241)
   defining Unicode char U+2039 (decimal 8249)
   defining Unicode char U+203A (decimal 8250)
   defining Unicode char U+2423 (decimal 9251)
)
Now handling font encoding OT1 ...
... processing UTF-8 mapping file for font encoding OT1

(D:\users\SYNETIS\Alexandre_kervadec\LaTeX\tex\latex\base\ot1enc.dfu
File: ot1enc.dfu 2016/02/28 v1.1s UTF-8 support for inputenc
   defining Unicode char U+00A0 (decimal 160)
   defining Unicode char U+00A1 (decimal 161)
   defining Unicode char U+00A3 (decimal 163)
   defining Unicode char U+00AD (decimal 173)
   defining Unicode char U+00B8 (decimal 184)
   defining Unicode char U+00BF (decimal 191)
   defining Unicode char U+00C5 (decimal 197)
   defining Unicode char U+00C6 (decimal 198)
   defining Unicode char U+00D8 (decimal 216)
   defining Unicode char U+00DF (decimal 223)
   defining Unicode char U+00E6 (decimal 230)
   defining Unicode char U+00EC (decimal 236)
   defining Unicode char U+00ED (decimal 237)
   defining Unicode char U+00EE (decimal 238)
   defining Unicode char U+00EF (decimal 239)
   defining Unicode char U+00F8 (decimal 248)
   defining Unicode char U+0131 (decimal 305)
   defining Unicode char U+0141 (decimal 321)
   defining Unicode char U+0142 (decimal 322)
   defining Unicode char U+0152 (decimal 338)
   defining Unicode char U+0153 (decimal 339)
   defining Unicode char U+0174 (decimal 372)
   defining Unicode char U+0175 (decimal 373)
   defining Unicode char U+0176 (decimal 374)
   defining Unicode char U+0177 (decimal 375)
   defining Unicode char U+0218 (decimal 536)
   defining Unicode char U+0219 (decimal 537)
   defining Unicode char U+021A (decimal 538)
   defining Unicode char U+021B (decimal 539)
   defining Unicode char U+2013 (decimal 8211)
   defining Unicode char U+2014 (decimal 8212)
   defining Unicode char U+2018 (decimal 8216)
   defining Unicode char U+2019 (decimal 8217)
   defining Unicode char U+201C (decimal 8220)
   defining Unicode char U+201D (decimal 8221)
)
Now handling font encoding OMS ...
... processing UTF-8 mapping file for font encoding OMS

(D:\users\SYNETIS\Alexandre_kervadec\LaTeX\tex\latex\base\omsenc.dfu
File: omsenc.dfu 2016/02/28 v1.1s UTF-8 support for inputenc
   defining Unicode char U+00A7 (decimal 167)
   defining Unicode char U+00B6 (decimal 182)
   defining Unicode char U+00B7 (decimal 183)
   defining Unicode char U+2020 (decimal 8224)
   defining Unicode char U+2021 (decimal 8225)
   defining Unicode char U+2022 (decimal 8226)
)
Now handling font encoding OMX ...
... no UTF-8 mapping file for font encoding OMX
Now handling font encoding U ...
... no UTF-8 mapping file for font encoding U
   defining Unicode char U+00A9 (decimal 169)
   defining Unicode char U+00AA (decimal 170)
   defining Unicode char U+00AE (decimal 174)
   defining Unicode char U+00BA (decimal 186)
   defining Unicode char U+02C6 (decimal 710)
   defining Unicode char U+02DC (decimal 732)
   defining Unicode char U+200C (decimal 8204)
   defining Unicode char U+2026 (decimal 8230)
   defining Unicode char U+2122 (decimal 8482)
   defining Unicode char U+2423 (decimal 9251)
))
(D:\users\SYNETIS\Alexandre_kervadec\LaTeX\tex\latex\base\fontenc.sty
Package: fontenc 2005/09/27 v1.99g Standard LaTeX package

(D:\users\SYNETIS\Alexandre_kervadec\LaTeX\tex\latex\base\t1enc.def
File: t1enc.def 2005/09/27 v1.99g Standard LaTeX file
LaTeX Font Info:    Redeclaring font encoding T1 on input line 48.
))
(D:\users\SYNETIS\Alexandre_kervadec\LaTeX\tex\latex\graphics\graphicx.sty
Package: graphicx 2014/10/28 v1.0g Enhanced LaTeX Graphics (DPC,SPQR)

(D:\users\SYNETIS\Alexandre_kervadec\LaTeX\tex\latex\graphics\graphics.sty
Package: graphics 2016/06/02 v1.0s Standard LaTeX Graphics (DPC,SPQR)

(D:\users\SYNETIS\Alexandre_kervadec\LaTeX\tex\latex\graphics\trig.sty
Package: trig 2016/01/03 v1.10 sin cos tan (DPC)
)
(D:\users\SYNETIS\Alexandre_kervadec\LaTeX\tex\latex\00miktex\graphics.cfg
File: graphics.cfg 2016/06/04 v1.11 sample graphics configuration
)
Package graphics Info: Driver file: pdftex.def on input line 99.

(D:\users\SYNETIS\Alexandre_kervadec\LaTeX\tex\latex\pdftex-def\pdftex.def
File: pdftex.def 2016/06/17 v0.06h Graphics/color for pdfTeX

(D:\users\SYNETIS\Alexandre_kervadec\LaTeX\tex\generic\oberdiek\infwarerr.sty
Package: infwarerr 2016/05/16 v1.4 Providing info/warning/error messages (HO)
)
(D:\users\SYNETIS\Alexandre_kervadec\LaTeX\tex\generic\oberdiek\ltxcmds.sty
Package: ltxcmds 2016/05/16 v1.23 LaTeX kernel commands for general use (HO)
)
\Gread@gobject=\count92
))
\Gin@req@height=\dimen106
\Gin@req@width=\dimen107
)
(D:\users\SYNETIS\Alexandre_kervadec\LaTeX\tex\latex\pgf\frontendlayer\tikz.sty
(D:\users\SYNETIS\Alexandre_kervadec\LaTeX\tex\latex\pgf\basiclayer\pgf.sty
(D:\users\SYNETIS\Alexandre_kervadec\LaTeX\tex\latex\pgf\utilities\pgfrcs.sty
(D:\users\SYNETIS\Alexandre_kervadec\LaTeX\tex\generic\pgf\utilities\pgfutil-co
mmon.tex
\pgfutil@everybye=\toks18
\pgfutil@tempdima=\dimen108
\pgfutil@tempdimb=\dimen109

(D:\users\SYNETIS\Alexandre_kervadec\LaTeX\tex\generic\pgf\utilities\pgfutil-co
mmon-lists.tex))
(D:\users\SYNETIS\Alexandre_kervadec\LaTeX\tex\generic\pgf\utilities\pgfutil-la
tex.def
\pgfutil@abb=\box26
 (D:\users\SYNETIS\Alexandre_kervadec\LaTeX\tex\latex\ms\everyshi.sty
Package: everyshi 2001/05/15 v3.00 EveryShipout Package (MS)
))
(D:\users\SYNETIS\Alexandre_kervadec\LaTeX\tex\generic\pgf\utilities\pgfrcs.cod
e.tex
Package: pgfrcs 2015/08/07 v3.0.1a (rcs-revision 1.31)
))
Package: pgf 2015/08/07 v3.0.1a (rcs-revision 1.15)

(D:\users\SYNETIS\Alexandre_kervadec\LaTeX\tex\latex\pgf\basiclayer\pgfcore.sty

(D:\users\SYNETIS\Alexandre_kervadec\LaTeX\tex\latex\pgf\systemlayer\pgfsys.sty

(D:\users\SYNETIS\Alexandre_kervadec\LaTeX\tex\generic\pgf\systemlayer\pgfsys.c
ode.tex
Package: pgfsys 2014/07/09 v3.0.1a (rcs-revision 1.48)

(D:\users\SYNETIS\Alexandre_kervadec\LaTeX\tex\generic\pgf\utilities\pgfkeys.co
de.tex
\pgfkeys@pathtoks=\toks19
\pgfkeys@temptoks=\toks20

(D:\users\SYNETIS\Alexandre_kervadec\LaTeX\tex\generic\pgf\utilities\pgfkeysfil
tered.code.tex
\pgfkeys@tmptoks=\toks21
))
\pgf@x=\dimen110
\pgf@y=\dimen111
\pgf@xa=\dimen112
\pgf@ya=\dimen113
\pgf@xb=\dimen114
\pgf@yb=\dimen115
\pgf@xc=\dimen116
\pgf@yc=\dimen117
\w@pgf@writea=\write3
\r@pgf@reada=\read1
\c@pgf@counta=\count93
\c@pgf@countb=\count94
\c@pgf@countc=\count95
\c@pgf@countd=\count96
\t@pgf@toka=\toks22
\t@pgf@tokb=\toks23
\t@pgf@tokc=\toks24

(D:\users\SYNETIS\Alexandre_kervadec\LaTeX\tex\generic\pgf\systemlayer\pgf.cfg
File: pgf.cfg 2008/05/14  (rcs-revision 1.7)
)
Driver file for pgf: pgfsys-pdftex.def

(D:\users\SYNETIS\Alexandre_kervadec\LaTeX\tex\generic\pgf\systemlayer\pgfsys-p
dftex.def
File: pgfsys-pdftex.def 2014/10/11  (rcs-revision 1.35)

(D:\users\SYNETIS\Alexandre_kervadec\LaTeX\tex\generic\pgf\systemlayer\pgfsys-c
ommon-pdf.def
File: pgfsys-common-pdf.def 2013/10/10  (rcs-revision 1.13)
)))
(D:\users\SYNETIS\Alexandre_kervadec\LaTeX\tex\generic\pgf\systemlayer\pgfsysso
ftpath.code.tex
File: pgfsyssoftpath.code.tex 2013/09/09  (rcs-revision 1.9)
\pgfsyssoftpath@smallbuffer@items=\count97
\pgfsyssoftpath@bigbuffer@items=\count98
)
(D:\users\SYNETIS\Alexandre_kervadec\LaTeX\tex\generic\pgf\systemlayer\pgfsyspr
otocol.code.tex
File: pgfsysprotocol.code.tex 2006/10/16  (rcs-revision 1.4)
))
(D:\users\SYNETIS\Alexandre_kervadec\LaTeX\tex\latex\xcolor\xcolor.sty
Package: xcolor 2016/05/11 v2.12 LaTeX color extensions (UK)

(D:\users\SYNETIS\Alexandre_kervadec\LaTeX\tex\latex\00miktex\color.cfg
File: color.cfg 2016/01/02 v1.6 sample color configuration
)
Package xcolor Info: Driver file: pdftex.def on input line 225.
Package xcolor Info: Model `cmy' substituted by `cmy0' on input line 1348.
Package xcolor Info: Model `hsb' substituted by `rgb' on input line 1352.
Package xcolor Info: Model `RGB' extended on input line 1364.
Package xcolor Info: Model `HTML' substituted by `rgb' on input line 1366.
Package xcolor Info: Model `Hsb' substituted by `hsb' on input line 1367.
Package xcolor Info: Model `tHsb' substituted by `hsb' on input line 1368.
Package xcolor Info: Model `HSB' substituted by `hsb' on input line 1369.
Package xcolor Info: Model `Gray' substituted by `gray' on input line 1370.
Package xcolor Info: Model `wave' substituted by `hsb' on input line 1371.
)
(D:\users\SYNETIS\Alexandre_kervadec\LaTeX\tex\generic\pgf\basiclayer\pgfcore.c
ode.tex
Package: pgfcore 2010/04/11 v3.0.1a (rcs-revision 1.7)

(D:\users\SYNETIS\Alexandre_kervadec\LaTeX\tex\generic\pgf\math\pgfmath.code.te
x
(D:\users\SYNETIS\Alexandre_kervadec\LaTeX\tex\generic\pgf\math\pgfmathcalc.cod
e.tex
(D:\users\SYNETIS\Alexandre_kervadec\LaTeX\tex\generic\pgf\math\pgfmathutil.cod
e.tex)
(D:\users\SYNETIS\Alexandre_kervadec\LaTeX\tex\generic\pgf\math\pgfmathparser.c
ode.tex
\pgfmath@dimen=\dimen118
\pgfmath@count=\count99
\pgfmath@box=\box27
\pgfmath@toks=\toks25
\pgfmath@stack@operand=\toks26
\pgfmath@stack@operation=\toks27
)
(D:\users\SYNETIS\Alexandre_kervadec\LaTeX\tex\generic\pgf\math\pgfmathfunction
s.code.tex
(D:\users\SYNETIS\Alexandre_kervadec\LaTeX\tex\generic\pgf\math\pgfmathfunction
s.basic.code.tex)
(D:\users\SYNETIS\Alexandre_kervadec\LaTeX\tex\generic\pgf\math\pgfmathfunction
s.trigonometric.code.tex)
(D:\users\SYNETIS\Alexandre_kervadec\LaTeX\tex\generic\pgf\math\pgfmathfunction
s.random.code.tex)
(D:\users\SYNETIS\Alexandre_kervadec\LaTeX\tex\generic\pgf\math\pgfmathfunction
s.comparison.code.tex)
(D:\users\SYNETIS\Alexandre_kervadec\LaTeX\tex\generic\pgf\math\pgfmathfunction
s.base.code.tex)
(D:\users\SYNETIS\Alexandre_kervadec\LaTeX\tex\generic\pgf\math\pgfmathfunction
s.round.code.tex)
(D:\users\SYNETIS\Alexandre_kervadec\LaTeX\tex\generic\pgf\math\pgfmathfunction
s.misc.code.tex)
(D:\users\SYNETIS\Alexandre_kervadec\LaTeX\tex\generic\pgf\math\pgfmathfunction
s.integerarithmetics.code.tex)))
(D:\users\SYNETIS\Alexandre_kervadec\LaTeX\tex\generic\pgf\math\pgfmathfloat.co
de.tex
\c@pgfmathroundto@lastzeros=\count100
))
(D:\users\SYNETIS\Alexandre_kervadec\LaTeX\tex\generic\pgf\basiclayer\pgfcorepo
ints.code.tex
File: pgfcorepoints.code.tex 2013/10/07  (rcs-revision 1.27)
\pgf@picminx=\dimen119
\pgf@picmaxx=\dimen120
\pgf@picminy=\dimen121
\pgf@picmaxy=\dimen122
\pgf@pathminx=\dimen123
\pgf@pathmaxx=\dimen124
\pgf@pathminy=\dimen125
\pgf@pathmaxy=\dimen126
\pgf@xx=\dimen127
\pgf@xy=\dimen128
\pgf@yx=\dimen129
\pgf@yy=\dimen130
\pgf@zx=\dimen131
\pgf@zy=\dimen132
)
(D:\users\SYNETIS\Alexandre_kervadec\LaTeX\tex\generic\pgf\basiclayer\pgfcorepa
thconstruct.code.tex
File: pgfcorepathconstruct.code.tex 2013/10/07  (rcs-revision 1.29)
\pgf@path@lastx=\dimen133
\pgf@path@lasty=\dimen134
)
(D:\users\SYNETIS\Alexandre_kervadec\LaTeX\tex\generic\pgf\basiclayer\pgfcorepa
thusage.code.tex
File: pgfcorepathusage.code.tex 2014/11/02  (rcs-revision 1.24)
\pgf@shorten@end@additional=\dimen135
\pgf@shorten@start@additional=\dimen136
)
(D:\users\SYNETIS\Alexandre_kervadec\LaTeX\tex\generic\pgf\basiclayer\pgfcoresc
opes.code.tex
File: pgfcorescopes.code.tex 2015/05/08  (rcs-revision 1.46)
\pgfpic=\box28
\pgf@hbox=\box29
\pgf@layerbox@main=\box30
\pgf@picture@serial@count=\count101
)
(D:\users\SYNETIS\Alexandre_kervadec\LaTeX\tex\generic\pgf\basiclayer\pgfcoregr
aphicstate.code.tex
File: pgfcoregraphicstate.code.tex 2014/11/02  (rcs-revision 1.12)
\pgflinewidth=\dimen137
)
(D:\users\SYNETIS\Alexandre_kervadec\LaTeX\tex\generic\pgf\basiclayer\pgfcoretr
ansformations.code.tex
File: pgfcoretransformations.code.tex 2015/08/07  (rcs-revision 1.20)
\pgf@pt@x=\dimen138
\pgf@pt@y=\dimen139
\pgf@pt@temp=\dimen140
)
(D:\users\SYNETIS\Alexandre_kervadec\LaTeX\tex\generic\pgf\basiclayer\pgfcorequ
ick.code.tex
File: pgfcorequick.code.tex 2008/10/09  (rcs-revision 1.3)
)
(D:\users\SYNETIS\Alexandre_kervadec\LaTeX\tex\generic\pgf\basiclayer\pgfcoreob
jects.code.tex
File: pgfcoreobjects.code.tex 2006/10/11  (rcs-revision 1.2)
)
(D:\users\SYNETIS\Alexandre_kervadec\LaTeX\tex\generic\pgf\basiclayer\pgfcorepa
thprocessing.code.tex
File: pgfcorepathprocessing.code.tex 2013/09/09  (rcs-revision 1.9)
)
(D:\users\SYNETIS\Alexandre_kervadec\LaTeX\tex\generic\pgf\basiclayer\pgfcorear
rows.code.tex
File: pgfcorearrows.code.tex 2015/05/14  (rcs-revision 1.43)
\pgfarrowsep=\dimen141
)
(D:\users\SYNETIS\Alexandre_kervadec\LaTeX\tex\generic\pgf\basiclayer\pgfcoresh
ade.code.tex
File: pgfcoreshade.code.tex 2013/07/15  (rcs-revision 1.15)
\pgf@max=\dimen142
\pgf@sys@shading@range@num=\count102
)
(D:\users\SYNETIS\Alexandre_kervadec\LaTeX\tex\generic\pgf\basiclayer\pgfcoreim
age.code.tex
File: pgfcoreimage.code.tex 2013/07/15  (rcs-revision 1.18)

(D:\users\SYNETIS\Alexandre_kervadec\LaTeX\tex\generic\pgf\basiclayer\pgfcoreex
ternal.code.tex
File: pgfcoreexternal.code.tex 2014/07/09  (rcs-revision 1.21)
\pgfexternal@startupbox=\box31
))
(D:\users\SYNETIS\Alexandre_kervadec\LaTeX\tex\generic\pgf\basiclayer\pgfcorela
yers.code.tex
File: pgfcorelayers.code.tex 2013/07/18  (rcs-revision 1.7)
)
(D:\users\SYNETIS\Alexandre_kervadec\LaTeX\tex\generic\pgf\basiclayer\pgfcoretr
ansparency.code.tex
File: pgfcoretransparency.code.tex 2013/09/30  (rcs-revision 1.5)
)
(D:\users\SYNETIS\Alexandre_kervadec\LaTeX\tex\generic\pgf\basiclayer\pgfcorepa
tterns.code.tex
File: pgfcorepatterns.code.tex 2013/11/07  (rcs-revision 1.5)
)))
(D:\users\SYNETIS\Alexandre_kervadec\LaTeX\tex\generic\pgf\modules\pgfmodulesha
pes.code.tex
File: pgfmoduleshapes.code.tex 2014/03/21  (rcs-revision 1.35)
\pgfnodeparttextbox=\box32
)
(D:\users\SYNETIS\Alexandre_kervadec\LaTeX\tex\generic\pgf\modules\pgfmoduleplo
t.code.tex
File: pgfmoduleplot.code.tex 2015/08/03  (rcs-revision 1.13)
)
(D:\users\SYNETIS\Alexandre_kervadec\LaTeX\tex\latex\pgf\compatibility\pgfcomp-
version-0-65.sty
Package: pgfcomp-version-0-65 2007/07/03 v3.0.1a (rcs-revision 1.7)
\pgf@nodesepstart=\dimen143
\pgf@nodesepend=\dimen144
)
(D:\users\SYNETIS\Alexandre_kervadec\LaTeX\tex\latex\pgf\compatibility\pgfcomp-
version-1-18.sty
Package: pgfcomp-version-1-18 2007/07/23 v3.0.1a (rcs-revision 1.1)
))
(D:\users\SYNETIS\Alexandre_kervadec\LaTeX\tex\latex\pgf\utilities\pgffor.sty
(D:\users\SYNETIS\Alexandre_kervadec\LaTeX\tex\latex\pgf\utilities\pgfkeys.sty
(D:\users\SYNETIS\Alexandre_kervadec\LaTeX\tex\generic\pgf\utilities\pgfkeys.co
de.tex))
(D:\users\SYNETIS\Alexandre_kervadec\LaTeX\tex\latex\pgf\math\pgfmath.sty
(D:\users\SYNETIS\Alexandre_kervadec\LaTeX\tex\generic\pgf\math\pgfmath.code.te
x))
(D:\users\SYNETIS\Alexandre_kervadec\LaTeX\tex\generic\pgf\utilities\pgffor.cod
e.tex
Package: pgffor 2013/12/13 v3.0.1a (rcs-revision 1.25)

(D:\users\SYNETIS\Alexandre_kervadec\LaTeX\tex\generic\pgf\math\pgfmath.code.te
x)
\pgffor@iter=\dimen145
\pgffor@skip=\dimen146
\pgffor@stack=\toks28
\pgffor@toks=\toks29
))
(D:\users\SYNETIS\Alexandre_kervadec\LaTeX\tex\generic\pgf\frontendlayer\tikz\t
ikz.code.tex
Package: tikz 2015/08/07 v3.0.1a (rcs-revision 1.151)

(D:\users\SYNETIS\Alexandre_kervadec\LaTeX\tex\generic\pgf\libraries\pgflibrary
plothandlers.code.tex
File: pgflibraryplothandlers.code.tex 2013/08/31 v3.0.1a (rcs-revision 1.20)
\pgf@plot@mark@count=\count103
\pgfplotmarksize=\dimen147
)
\tikz@lastx=\dimen148
\tikz@lasty=\dimen149
\tikz@lastxsaved=\dimen150
\tikz@lastysaved=\dimen151
\tikzleveldistance=\dimen152
\tikzsiblingdistance=\dimen153
\tikz@figbox=\box33
\tikz@figbox@bg=\box34
\tikz@tempbox=\box35
\tikz@tempbox@bg=\box36
\tikztreelevel=\count104
\tikznumberofchildren=\count105
\tikznumberofcurrentchild=\count106
\tikz@fig@count=\count107

(D:\users\SYNETIS\Alexandre_kervadec\LaTeX\tex\generic\pgf\modules\pgfmodulemat
rix.code.tex
File: pgfmodulematrix.code.tex 2013/09/17  (rcs-revision 1.8)
\pgfmatrixcurrentrow=\count108
\pgfmatrixcurrentcolumn=\count109
\pgf@matrix@numberofcolumns=\count110
)
\tikz@expandcount=\count111

(D:\users\SYNETIS\Alexandre_kervadec\LaTeX\tex\generic\pgf\frontendlayer\tikz\l
ibraries\tikzlibrarytopaths.code.tex
File: tikzlibrarytopaths.code.tex 2008/06/17 v3.0.1a (rcs-revision 1.2)
)))
(D:\users\SYNETIS\Alexandre_kervadec\LaTeX\tex\latex\setspace\setspace.sty
Package: setspace 2011/12/19 v6.7a set line spacing
)
(D:\users\SYNETIS\Alexandre_kervadec\LaTeX\tex\latex\hyperref\hyperref.sty
Package: hyperref 2016/05/21 v6.83p Hypertext links for LaTeX

(D:\users\SYNETIS\Alexandre_kervadec\LaTeX\tex\generic\oberdiek\hobsub-hyperref
.sty
Package: hobsub-hyperref 2016/05/16 v1.14 Bundle oberdiek, subset hyperref (HO)


(D:\users\SYNETIS\Alexandre_kervadec\LaTeX\tex\generic\oberdiek\hobsub-generic.
sty
Package: hobsub-generic 2016/05/16 v1.14 Bundle oberdiek, subset generic (HO)
Package: hobsub 2016/05/16 v1.14 Construct package bundles (HO)
Package hobsub Info: Skipping package `infwarerr' (already loaded).
Package hobsub Info: Skipping package `ltxcmds' (already loaded).
Package: ifluatex 2016/05/16 v1.4 Provides the ifluatex switch (HO)
Package ifluatex Info: LuaTeX not detected.
Package: ifvtex 2016/05/16 v1.6 Detect VTeX and its facilities (HO)
Package ifvtex Info: VTeX not detected.
Package: intcalc 2016/05/16 v1.2 Expandable calculations with integers (HO)
Package: ifpdf 2016/05/14 v3.1 Provides the ifpdf switch
Package: etexcmds 2016/05/16 v1.6 Avoid name clashes with e-TeX commands (HO)
Package etexcmds Info: Could not find \expanded.
(etexcmds)             That can mean that you are not using pdfTeX 1.50 or
(etexcmds)             that some package has redefined \expanded.
(etexcmds)             In the latter case, load this package earlier.
Package: kvsetkeys 2016/05/16 v1.17 Key value parser (HO)
Package: kvdefinekeys 2016/05/16 v1.4 Define keys (HO)
Package: pdftexcmds 2016/05/21 v0.22 Utility functions of pdfTeX for LuaTeX (HO
)
Package pdftexcmds Info: LuaTeX not detected.
Package pdftexcmds Info: \pdf@primitive is available.
Package pdftexcmds Info: \pdf@ifprimitive is available.
Package pdftexcmds Info: \pdfdraftmode found.
Package: pdfescape 2016/05/16 v1.14 Implements pdfTeX's escape features (HO)
Package: bigintcalc 2016/05/16 v1.4 Expandable calculations on big integers (HO
)
Package: bitset 2016/05/16 v1.2 Handle bit-vector datatype (HO)
Package: uniquecounter 2016/05/16 v1.3 Provide unlimited unique counter (HO)
)
Package hobsub Info: Skipping package `hobsub' (already loaded).
Package: letltxmacro 2016/05/16 v1.5 Let assignment for LaTeX macros (HO)
Package: hopatch 2016/05/16 v1.3 Wrapper for package hooks (HO)
Package: xcolor-patch 2016/05/16 xcolor patch
Package: atveryend 2016/05/16 v1.9 Hooks at the very end of document (HO)
Package atveryend Info: \enddocument detected (standard20110627).
Package: atbegshi 2016/06/09 v1.18 At begin shipout hook (HO)
Package: refcount 2016/05/16 v3.5 Data extraction from label references (HO)
Package: hycolor 2016/05/16 v1.8 Color options for hyperref/bookmark (HO)
)
(D:\users\SYNETIS\Alexandre_kervadec\LaTeX\tex\generic\ifxetex\ifxetex.sty
Package: ifxetex 2010/09/12 v0.6 Provides ifxetex conditional
)
(D:\users\SYNETIS\Alexandre_kervadec\LaTeX\tex\latex\oberdiek\auxhook.sty
Package: auxhook 2016/05/16 v1.4 Hooks for auxiliary files (HO)
)
(D:\users\SYNETIS\Alexandre_kervadec\LaTeX\tex\latex\oberdiek\kvoptions.sty
Package: kvoptions 2016/05/16 v3.12 Key value format for package options (HO)
)
\@linkdim=\dimen154
\Hy@linkcounter=\count112
\Hy@pagecounter=\count113

(D:\users\SYNETIS\Alexandre_kervadec\LaTeX\tex\latex\hyperref\pd1enc.def
File: pd1enc.def 2016/05/21 v6.83p Hyperref: PDFDocEncoding definition (HO)
Now handling font encoding PD1 ...
... no UTF-8 mapping file for font encoding PD1
)
\Hy@SavedSpaceFactor=\count114

(D:\users\SYNETIS\Alexandre_kervadec\LaTeX\tex\latex\00miktex\hyperref.cfg
File: hyperref.cfg 2002/06/06 v1.2 hyperref configuration of TeXLive
)
Package hyperref Info: Option `final' set `true' on input line 4362.
Package hyperref Info: Hyper figures OFF on input line 4486.
Package hyperref Info: Link nesting OFF on input line 4491.
Package hyperref Info: Hyper index ON on input line 4494.
Package hyperref Info: Plain pages OFF on input line 4501.
Package hyperref Info: Backreferencing OFF on input line 4506.
Package hyperref Info: Implicit mode ON; LaTeX internals redefined.
Package hyperref Info: Bookmarks ON on input line 4735.
\c@Hy@tempcnt=\count115

(D:\users\SYNETIS\Alexandre_kervadec\LaTeX\tex\latex\url\url.sty
\Urlmuskip=\muskip10
Package: url 2013/09/16  ver 3.4  Verb mode for urls, etc.
)
LaTeX Info: Redefining \url on input line 5088.
\XeTeXLinkMargin=\dimen155
\Fld@menulength=\count116
\Field@Width=\dimen156
\Fld@charsize=\dimen157
Package hyperref Info: Hyper figures OFF on input line 6342.
Package hyperref Info: Link nesting OFF on input line 6347.
Package hyperref Info: Hyper index ON on input line 6350.
Package hyperref Info: backreferencing OFF on input line 6357.
Package hyperref Info: Link coloring OFF on input line 6362.
Package hyperref Info: Link coloring with OCG OFF on input line 6367.
Package hyperref Info: PDF/A mode OFF on input line 6372.
LaTeX Info: Redefining \ref on input line 6412.
LaTeX Info: Redefining \pageref on input line 6416.
\Hy@abspage=\count117
\c@Item=\count118
\c@Hfootnote=\count119
)

Package hyperref Message: Driver (autodetected): hpdftex.

(D:\users\SYNETIS\Alexandre_kervadec\LaTeX\tex\latex\hyperref\hpdftex.def
File: hpdftex.def 2016/05/21 v6.83p Hyperref driver for pdfTeX
\Fld@listcount=\count120
\c@bookmark@seq@number=\count121

(D:\users\SYNETIS\Alexandre_kervadec\LaTeX\tex\latex\oberdiek\rerunfilecheck.st
y
Package: rerunfilecheck 2016/05/16 v1.8 Rerun checks for auxiliary files (HO)
Package uniquecounter Info: New unique counter `rerunfilecheck' on input line 2
82.
)
\Hy@SectionHShift=\skip50
)
(D:\users\SYNETIS\Alexandre_kervadec\LaTeX\tex\latex\glossaries\base\glossaries
.sty
Package: glossaries 2016/06/09 v4.25 (NLCT)
 (D:\users\SYNETIS\Alexandre_kervadec\LaTeX\tex\latex\base\ifthen.sty
Package: ifthen 2014/09/29 v1.1c Standard LaTeX ifthen package (DPC)
)
(D:\users\SYNETIS\Alexandre_kervadec\LaTeX\tex\latex\xkeyval\xkeyval.sty
Package: xkeyval 2014/12/03 v2.7a package option processing (HA)

(D:\users\SYNETIS\Alexandre_kervadec\LaTeX\tex\generic\xkeyval\xkeyval.tex
(D:\users\SYNETIS\Alexandre_kervadec\LaTeX\tex\generic\xkeyval\xkvutils.tex
\XKV@toks=\toks30
\XKV@tempa@toks=\toks31
)
\XKV@depth=\count122
File: xkeyval.tex 2014/12/03 v2.7a key=value parser (HA)
))
(D:\users\SYNETIS\Alexandre_kervadec\LaTeX\tex\latex\mfirstuc\mfirstuc.sty
Package: mfirstuc 2016/07/31 v2.04 (NLCT)

(D:\users\SYNETIS\Alexandre_kervadec\LaTeX\tex\latex\etoolbox\etoolbox.sty
Package: etoolbox 2015/08/02 v2.2a e-TeX tools for LaTeX (JAW)
\etb@tempcnta=\count123
)
\@glsmfirst=\toks32
\@glsmrest=\toks33
)
(D:\users\SYNETIS\Alexandre_kervadec\LaTeX\tex\latex\textcase\textcase.sty
Package: textcase 2004/10/07 v0.07 Text only upper/lower case changing (DPC)
)
(D:\users\SYNETIS\Alexandre_kervadec\LaTeX\tex\latex\xfor\xfor.sty
Package: xfor 2009/02/05 v1.05 (NLCT)
)
(D:\users\SYNETIS\Alexandre_kervadec\LaTeX\tex\latex\datatool\datatool-base.sty
Package: datatool-base 2016/07/28 v2.27 (NLCT)
(D:\users\SYNETIS\Alexandre_kervadec\LaTeX\tex\latex\amsmath\amsmath.sty
Package: amsmath 2016/03/10 v2.15b AMS math features
\@mathmargin=\skip51

For additional information on amsmath, use the `?' option.
(D:\users\SYNETIS\Alexandre_kervadec\LaTeX\tex\latex\amsmath\amstext.sty
Package: amstext 2000/06/29 v2.01 AMS text

(D:\users\SYNETIS\Alexandre_kervadec\LaTeX\tex\latex\amsmath\amsgen.sty
File: amsgen.sty 1999/11/30 v2.0 generic functions
\@emptytoks=\toks34
\ex@=\dimen158
))
(D:\users\SYNETIS\Alexandre_kervadec\LaTeX\tex\latex\amsmath\amsbsy.sty
Package: amsbsy 1999/11/29 v1.2d Bold Symbols
\pmbraise@=\dimen159
)
(D:\users\SYNETIS\Alexandre_kervadec\LaTeX\tex\latex\amsmath\amsopn.sty
Package: amsopn 2016/03/08 v2.02 operator names
)
\inf@bad=\count124
LaTeX Info: Redefining \frac on input line 199.
\uproot@=\count125
\leftroot@=\count126
LaTeX Info: Redefining \overline on input line 297.
\classnum@=\count127
\DOTSCASE@=\count128
LaTeX Info: Redefining \ldots on input line 394.
LaTeX Info: Redefining \dots on input line 397.
LaTeX Info: Redefining \cdots on input line 518.
\Mathstrutbox@=\box37
\strutbox@=\box38
\big@size=\dimen160
LaTeX Font Info:    Redeclaring font encoding OML on input line 634.
LaTeX Font Info:    Redeclaring font encoding OMS on input line 635.
\macc@depth=\count129
\c@MaxMatrixCols=\count130
\dotsspace@=\muskip11
\c@parentequation=\count131
\dspbrk@lvl=\count132
\tag@help=\toks35
\row@=\count133
\column@=\count134
\maxfields@=\count135
\andhelp@=\toks36
\eqnshift@=\dimen161
\alignsep@=\dimen162
\tagshift@=\dimen163
\tagwidth@=\dimen164
\totwidth@=\dimen165
\lineht@=\dimen166
\@envbody=\toks37
\multlinegap=\skip52
\multlinetaggap=\skip53
\mathdisplay@stack=\toks38
LaTeX Info: Redefining \[ on input line 2739.
LaTeX Info: Redefining \] on input line 2740.
)
(D:\users\SYNETIS\Alexandre_kervadec\LaTeX\tex\latex\substr\substr.sty
Package: substr 2009/10/20 v1.2 Handle substrings
\c@su@anzahl=\count136
)
(D:\users\SYNETIS\Alexandre_kervadec\LaTeX\tex\latex\datatool\datatool-fp.sty
Package: datatool-fp 2016/07/28 v2.27 (NLCT)

(D:\users\SYNETIS\Alexandre_kervadec\LaTeX\tex\latex\fp\fp.sty
Package: fp 1995/04/02

`Fixed Point Package', Version 0.8, April 2, 1995 (C) Michael Mehlich
(D:\users\SYNETIS\Alexandre_kervadec\LaTeX\tex\latex\fp\defpattern.sty
Package: defpattern 1994/10/12
\actioncount=\count137
)
(D:\users\SYNETIS\Alexandre_kervadec\LaTeX\tex\latex\fp\fp-basic.sty
Package: fp-basic 1996/05/13
\FP@xs=\count138
\FP@xia=\count139
\FP@xib=\count140
\FP@xfa=\count141
\FP@xfb=\count142
\FP@rega=\count143
\FP@regb=\count144
\FP@regs=\count145
\FP@times=\count146
)
(D:\users\SYNETIS\Alexandre_kervadec\LaTeX\tex\latex\fp\fp-addons.sty
Package: fp-addons 1995/03/15
)
(D:\users\SYNETIS\Alexandre_kervadec\LaTeX\tex\latex\fp\fp-snap.sty
Package: fp-snap 1995/04/05
)
(D:\users\SYNETIS\Alexandre_kervadec\LaTeX\tex\latex\fp\fp-exp.sty
Package: fp-exp 1995/04/03
)
(D:\users\SYNETIS\Alexandre_kervadec\LaTeX\tex\latex\fp\fp-trigo.sty
Package: fp-trigo 1995/04/14
)
(D:\users\SYNETIS\Alexandre_kervadec\LaTeX\tex\latex\fp\fp-pas.sty
Package: fp-pas 1994/08/29
)
(D:\users\SYNETIS\Alexandre_kervadec\LaTeX\tex\latex\fp\fp-random.sty
Package: fp-random 1995/02/23
\FPseed=\count147
)
(D:\users\SYNETIS\Alexandre_kervadec\LaTeX\tex\latex\fp\fp-eqn.sty
Package: fp-eqn 1995/04/03
)
(D:\users\SYNETIS\Alexandre_kervadec\LaTeX\tex\latex\fp\fp-upn.sty
Package: fp-upn 1996/10/21
)
(D:\users\SYNETIS\Alexandre_kervadec\LaTeX\tex\latex\fp\fp-eval.sty
Package: fp-eval 1995/04/03
)))
\@dtl@toks=\toks39
\@dtl@tmpcount=\count148
\dtl@tmplength=\skip54
\dtl@sortresult=\count149
\@dtl@numgrpsepcount=\count150
\@dtl@datatype=\count151
\dtl@codeA=\count152
\dtl@codeB=\count153
\@dtl@foreach@level=\count154
)
(D:\users\SYNETIS\Alexandre_kervadec\LaTeX\tex\latex\glossaries\base\glossaries
-compatible-307.sty
Package: glossaries-compatible-307 2016/06/09 v4.25 (NLCT)
)
(D:\users\SYNETIS\Alexandre_kervadec\LaTeX\tex\latex\tracklang\tracklang.sty
Package: tracklang 2015/03/23 v1.2 (NLCT) Track Languages

(D:\users\SYNETIS\Alexandre_kervadec\LaTeX\tex\generic\tracklang\tracklang.tex)
)
(D:\users\SYNETIS\Alexandre_kervadec\LaTeX\tex\latex\beamer\base\translator\tra
nslator.sty
Package: translator 2010/06/12 ver 1.10

(D:\users\SYNETIS\Alexandre_kervadec\LaTeX\tex\latex\beamer\base\translator\tra
nslator-language-mappings.tex))
(D:\users\SYNETIS\Alexandre_kervadec\LaTeX\tex\latex\glossaries-french\glossari
es-french.ldf
File: glossaries-french.ldf 2014/11/23 v1.0
)
(D:\users\SYNETIS\Alexandre_kervadec\LaTeX\tex\latex\glossaries-english\glossar
ies-english.ldf
File: glossaries-english.ldf 2014/11/23 v1.0
)
\gls@level=\count155
\@gls@tmpb=\toks40
\gls@tmplen=\skip55
\glskeylisttok=\toks41
\glslabeltok=\toks42
\glsshorttok=\toks43
\glslongtok=\toks44

(D:\users\SYNETIS\Alexandre_kervadec\LaTeX\tex\latex\glossaries\styles\glossary
-hypernav.sty
Package: glossary-hypernav 2016/06/09 v4.25 (NLCT)
)
(D:\users\SYNETIS\Alexandre_kervadec\LaTeX\tex\latex\glossaries\styles\glossary
-list.sty
Package: glossary-list 2016/06/09 v4.25 (NLCT)
\glslistdottedwidth=\skip56
)
(D:\users\SYNETIS\Alexandre_kervadec\LaTeX\tex\latex\glossaries\styles\glossary
-long.sty
Package: glossary-long 2016/06/09 v4.25 (NLCT)

(D:\users\SYNETIS\Alexandre_kervadec\LaTeX\tex\latex\tools\longtable.sty
Package: longtable 2014/10/28 v4.11 Multi-page Table package (DPC)
\LTleft=\skip57
\LTright=\skip58
\LTpre=\skip59
\LTpost=\skip60
\LTchunksize=\count156
\LTcapwidth=\dimen167
\LT@head=\box39
\LT@firsthead=\box40
\LT@foot=\box41
\LT@lastfoot=\box42
\LT@cols=\count157
\LT@rows=\count158
\c@LT@tables=\count159
\c@LT@chunks=\count160
\LT@p@ftn=\toks45
)
\glsdescwidth=\skip61
\glspagelistwidth=\skip62
)
(D:\users\SYNETIS\Alexandre_kervadec\LaTeX\tex\latex\glossaries\styles\glossary
-super.sty
Package: glossary-super 2016/06/09 v4.25 (NLCT)

(D:\users\SYNETIS\Alexandre_kervadec\LaTeX\tex\latex\supertabular\supertabular.
sty
Package: supertabular 2004/02/20 v4.1e the supertabular environment
\c@tracingst=\count161
\ST@wd=\dimen168
\ST@rightskip=\skip63
\ST@leftskip=\skip64
\ST@parfillskip=\skip65
\ST@pageleft=\dimen169
\ST@headht=\dimen170
\ST@tailht=\dimen171
\ST@pagesofar=\dimen172
\ST@pboxht=\dimen173
\ST@lineht=\dimen174
\ST@stretchht=\dimen175
\ST@prevht=\dimen176
\ST@toadd=\dimen177
\ST@dimen=\dimen178
\ST@pbox=\box43
))
(D:\users\SYNETIS\Alexandre_kervadec\LaTeX\tex\latex\glossaries\styles\glossary
-tree.sty
Package: glossary-tree 2016/06/09 v4.25 (NLCT)
\glstreeindent=\skip66
))
(D:\users\SYNETIS\Alexandre_kervadec\LaTeX\tex\latex\tools\varioref.sty
Package: varioref 2016/02/16 v1.5c package for extended references (FMi)
\c@vrcnt=\count162
)
(D:\users\SYNETIS\Alexandre_kervadec\LaTeX\tex\latex\enumitem\enumitem.sty
Package: enumitem 2011/09/28 v3.5.2 Customized lists
\labelindent=\skip67
\enit@outerparindent=\dimen179
\enit@toks=\toks46
\enit@inbox=\box44
\enitdp@description=\count163
)
\glswrite=\write4
\glo@main@file=\write5
\openout5 = `rapport.glo'.

Package glossaries Info: Writing glossary file rapport.glo on input line 17.
\enitdp@arrowlist=\count164

(Z:\Alex-K\GitHub\report_stage\build\rapport.aux
(Z:\Alex-K\GitHub\report_stage\build\title.aux)
(Z:\Alex-K\GitHub\report_stage\build\remerciements.aux)
(Z:\Alex-K\GitHub\report_stage\build\intro.aux)
(Z:\Alex-K\GitHub\report_stage\build\partie1.aux)
(Z:\Alex-K\GitHub\report_stage\build\partie2.aux)
(Z:\Alex-K\GitHub\report_stage\build\partie3.aux)
(Z:\Alex-K\GitHub\report_stage\build\concl.aux)
(Z:\Alex-K\GitHub\report_stage\build\references.aux)
(Z:\Alex-K\GitHub\report_stage\build\annexes.aux

LaTeX Warning: Label `fig:diagseq_PAM' multiply defined.

) (Z:\Alex-K\GitHub\report_stage\build\resume.aux)
(Z:\Alex-K\GitHub\report_stage\build\abstract.aux))
\openout1 = `rapport.aux'.

LaTeX Font Info:    Checking defaults for OML/cmm/m/it on input line 35.
LaTeX Font Info:    ... okay on input line 35.
LaTeX Font Info:    Checking defaults for T1/cmr/m/n on input line 35.
LaTeX Font Info:    ... okay on input line 35.
LaTeX Font Info:    Checking defaults for OT1/cmr/m/n on input line 35.
LaTeX Font Info:    ... okay on input line 35.
LaTeX Font Info:    Checking defaults for OMS/cmsy/m/n on input line 35.
LaTeX Font Info:    ... okay on input line 35.
LaTeX Font Info:    Checking defaults for OMX/cmex/m/n on input line 35.
LaTeX Font Info:    ... okay on input line 35.
LaTeX Font Info:    Checking defaults for U/cmr/m/n on input line 35.
LaTeX Font Info:    ... okay on input line 35.
LaTeX Font Info:    Checking defaults for PD1/pdf/m/n on input line 35.
LaTeX Font Info:    ... okay on input line 35.
LaTeX Info: Redefining \degres on input line 35.
LaTeX Info: Redefining \dots on input line 35.
Package frenchb.ldf Info: Setting StandardItemizeEnv=true for
(frenchb.ldf)             compatibility with enumitem package,
(frenchb.ldf)              on input line 35.
Package frenchb.ldf Info: Setting StandardEnumerateEnv=true for
(frenchb.ldf)             compatibility with enumitem package,
(frenchb.ldf)              on input line 35.
LaTeX Info: Redefining \up on input line 35.

(D:\users\SYNETIS\Alexandre_kervadec\LaTeX\tex\context\base\supp-pdf.mkii
[Loading MPS to PDF converter (version 2006.09.02).]
\scratchcounter=\count165
\scratchdimen=\dimen180
\scratchbox=\box45
\nofMPsegments=\count166
\nofMParguments=\count167
\everyMPshowfont=\toks47
\MPscratchCnt=\count168
\MPscratchDim=\dimen181
\MPnumerator=\count169
\makeMPintoPDFobject=\count170
\everyMPtoPDFconversion=\toks48
)
(D:\users\SYNETIS\Alexandre_kervadec\LaTeX\tex\latex\oberdiek\epstopdf-base.sty
Package: epstopdf-base 2016/05/15 v2.6 Base part for package epstopdf
(D:\users\SYNETIS\Alexandre_kervadec\LaTeX\tex\latex\oberdiek\grfext.sty
Package: grfext 2016/05/16 v1.2 Manage graphics extensions (HO)
)
Package epstopdf-base Info: Redefining graphics rule for `.eps' on input line 4
38.
Package grfext Info: Graphics extension search list:
(grfext)             [.png,.pdf,.jpg,.mps,.jpeg,.jbig2,.jb2,.PNG,.PDF,.JPG,.JPE
G,.JBIG2,.JB2,.eps]
(grfext)             \AppendGraphicsExtensions on input line 456.
)
ABD: EveryShipout initializing macros
\AtBeginShipoutBox=\box46
Package hyperref Info: Link coloring OFF on input line 35.

(D:\users\SYNETIS\Alexandre_kervadec\LaTeX\tex\latex\hyperref\nameref.sty
Package: nameref 2016/05/21 v2.44 Cross-referencing by name of section

(D:\users\SYNETIS\Alexandre_kervadec\LaTeX\tex\generic\oberdiek\gettitlestring.
sty
Package: gettitlestring 2016/05/16 v1.5 Cleanup title references (HO)
)
\c@section@level=\count171
LaTeX Info: Redefining \Ref on input line 515.
)
LaTeX Info: Redefining \ref on input line 35.
LaTeX Info: Redefining \pageref on input line 35.
LaTeX Info: Redefining \nameref on input line 35.
 (Z:\Alex-K\GitHub\report_stage\build\rapport.out)
(Z:\Alex-K\GitHub\report_stage\build\rapport.out)
\@outlinefile=\write6
\openout6 = `rapport.out'.

LaTeX Info: Redefining \Ref on input line 35.

(Z:\Alex-K\GitHub\report_stage\build\rapport.glsdefs)
\openout2 = `title.aux'.

 (title.tex
<images/logo-univ.jpg, id=194, 4144.48375pt x 1660.2025pt>
File: images/logo-univ.jpg Graphic file (type jpg)

<use images/logo-univ.jpg>
Package pdftex.def Info: images/logo-univ.jpg used on input line 9.
(pdftex.def)             Requested size: 170.71652pt x 68.37273pt.

<images/mini_logo_synetis.png, id=195, 395.4775pt x 466.74374pt>
File: images/mini_logo_synetis.png Graphic file (type png)

<use images/mini_logo_synetis.png>
Package pdftex.def Info: images/mini_logo_synetis.png used on input line 14.
(pdftex.def)             Requested size: 85.35826pt x 100.73965pt.
 [1

\openout4 = `rapport.ist'.


{C:/ProgramData/MiKTeX/2.9/pdftex/config/pdftex.map} <./images/logo-univ.jpg> <
./images/mini_logo_synetis.png>])
\openout2 = `remerciements.aux'.


(remerciements.tex)pdfTeX warning (ext4): destination with the same identifier 
(name{page.1}) has been already used, duplicate ignored
<to be read again> 
                   \relax 
l.38   \include{remerciements}
                               [1



]
(Z:\Alex-K\GitHub\report_stage\build\rapport.toc [2


])
\tf@toc=\write7
\openout7 = `rapport.toc'.

 [3]
(Z:\Alex-K\GitHub\report_stage\build\rapport.lof)
\tf@lof=\write8
\openout8 = `rapport.lof'.

 [4

]
\@gls@deffile=\write9
\openout9 = `rapport.glsdefs'.


(Z:\Alex-K\GitHub\report_stage\build\rapport.gls) [5

]
\openout2 = `intro.aux'.

 (intro.tex
LaTeX Font Info:    Try loading font information for T1+cmtt on input line 17.

(D:\users\SYNETIS\Alexandre_kervadec\LaTeX\tex\latex\base\t1cmtt.fd
File: t1cmtt.fd 2014/09/29 v2.5h Standard LaTeX font definitions
) [6


])
[7]
\openout2 = `partie1.aux'.

 (partie1.tex [8



]
Underfull \hbox (badness 10000) in paragraph at lines 41--47

 []

[9] [10]

Package hyperref Warning: Token not allowed in a PDF string (PDFDocEncoding):
(hyperref)                removing `\gls' on input line 80.

[11] <./images/Schema_ultra_light_PAM.png, id=430, 481.8pt x 213.04594pt>
File: ./images/Schema_ultra_light_PAM.png Graphic file (type png)

<use ./images/Schema_ultra_light_PAM.png>
Package pdftex.def Info: ./images/Schema_ultra_light_PAM.png used on input line
 99.
(pdftex.def)             Requested size: 360.0pt x 159.1924pt.
 [12 <./images/Schema_ultra_light_PAM.png>]

Package hyperref Warning: Token not allowed in a PDF string (PDFDocEncoding):
(hyperref)                removing `\gls' on input line 111.

) [13]
\openout2 = `partie2.aux'.

 (partie2.tex
<./images/calendrier_previsionnel.png, id=451, 1394.20876pt x 408.77719pt>
File: ./images/calendrier_previsionnel.png Graphic file (type png)

<use ./images/calendrier_previsionnel.png>
Package pdftex.def Info: ./images/calendrier_previsionnel.png used on input lin
e 22.
(pdftex.def)             Requested size: 360.0pt x 105.54977pt.
 [14



]
Underfull \hbox (badness 10000) in paragraph at lines 35--36

 []

[15 <./images/calendrier_previsionnel.png>]
<./images/forrester_quadrant.png, id=466, 548.0475pt x 554.82281pt>
File: ./images/forrester_quadrant.png Graphic file (type png)

<use ./images/forrester_quadrant.png>
Package pdftex.def Info: ./images/forrester_quadrant.png used on input line 43.

(pdftex.def)             Requested size: 251.9989pt x 255.12pt.

<./images/tabcomp.png, id=471, 770.88pt x 709.14937pt>
File: ./images/tabcomp.png Graphic file (type png)

<use ./images/tabcomp.png>
Package pdftex.def Info: ./images/tabcomp.png used on input line 52.
(pdftex.def)             Requested size: 360.0pt x 331.16856pt.
 [16] [17 <./images/forrester_quadrant.png>] [18 <./images/tabcomp.png>]

Package hyperref Warning: Token not allowed in a PDF string (PDFDocEncoding):
(hyperref)                removing `\gls' on input line 99.

[19] <./images/PoC_archi_reelle.png, id=521, 486.81876pt x 683.55376pt>
File: ./images/PoC_archi_reelle.png Graphic file (type png)

<use ./images/PoC_archi_reelle.png>
Package pdftex.def Info: ./images/PoC_archi_reelle.png used on input line 119.
(pdftex.def)             Requested size: 251.9989pt x 353.83333pt.

Underfull \hbox (badness 10000) in paragraph at lines 124--125

 []

[20] [21 <./images/PoC_archi_reelle.png>] [22] [23]) [24]
\openout2 = `partie3.aux'.

 (partie3.tex [25



]
[26] [27] [28]) [29]
\openout2 = `concl.aux'.

 (concl.tex) [30



]
\openout2 = `references.aux'.

 (references.tex
LaTeX Font Info:    Try loading font information for OMS+cmr on input line 5.

(D:\users\SYNETIS\Alexandre_kervadec\LaTeX\tex\latex\base\omscmr.fd
File: omscmr.fd 2014/09/29 v2.5h Standard LaTeX font definitions
)
LaTeX Font Info:    Font shape `OMS/cmr/m/sc' in size <8> not available
(Font)              Font shape `OMS/cmsy/m/n' tried instead on input line 5.
LaTeX Font Info:    Font shape `OMS/cmr/m/n' in size <8> not available
(Font)              Font shape `OMS/cmsy/m/n' tried instead on input line 5.

Underfull \hbox (badness 10000) in paragraph at lines 6--7
[]\T1/cmr/m/sc/10.95 Gartner\T1/cmr/m/n/10.95 . Consult le : 10/08/2016. \T1/c
mr/m/it/10.95 Mar-ket
 []


Underfull \hbox (badness 10000) in paragraph at lines 6--7
\T1/cmr/m/it/10.95 Guide for Pri-vi-le-ged Ac-cess Ma-na-ge-ment\T1/cmr/m/n/10.
95 . Site web.
 []


Underfull \hbox (badness 10000) in paragraph at lines 6--7
\T1/cmr/m/sc/10.95 URL \T1/cmr/m/n/10.95 : https ://www.gartner.com/technology/
media-
 []


Underfull \hbox (badness 10000) in paragraph at lines 8--9
\T1/cmr/m/n/10.95 manager/pam/privileged-identity-management-for-active-directo
ry-
 []

) [31



]
\openout2 = `annexes.aux'.

 (annexes.tex

Package hyperref Warning: Token not allowed in a PDF string (PDFDocEncoding):
(hyperref)                removing `\gls' on input line 9.


Package hyperref Warning: Token not allowed in a PDF string (PDFDocEncoding):
(hyperref)                removing `\gls' on input line 14.

<./images/Schema_ultra_light_sans_PAM.png, id=636, 481.8pt x 179.16937pt>
File: ./images/Schema_ultra_light_sans_PAM.png Graphic file (type png)

<use ./images/Schema_ultra_light_sans_PAM.png>
Package pdftex.def Info: ./images/Schema_ultra_light_sans_PAM.png used on input
 line 21.
(pdftex.def)             Requested size: 360.0pt x 133.87912pt.

Underfull \hbox (badness 5022) in paragraph at lines 26--28
\T1/cmr/m/n/10.95 sources pro-t-ges avec des mots de passe d-dis  chaque s
er-
 []

<./images/Sequence_noPAM_use.png, id=641, 549.55313pt x 325.215pt>
File: ./images/Sequence_noPAM_use.png Graphic file (type png)

<use ./images/Sequence_noPAM_use.png>
Package pdftex.def Info: ./images/Sequence_noPAM_use.png used on input line 31.

(pdftex.def)             Requested size: 360.0pt x 213.04468pt.
 [32



 <./images/Schema_ultra_light_sans_PAM.png>] <./images/ressource_centered.png, 
id=649, 737.75626pt x 238.8925pt>
File: ./images/ressource_centered.png Graphic file (type png)

<use ./images/ressource_centered.png>
Package pdftex.def Info: ./images/ressource_centered.png used on input line 38.

(pdftex.def)             Requested size: 360.0pt x 116.56989pt.


Package hyperref Warning: Token not allowed in a PDF string (PDFDocEncoding):
(hyperref)                removing `\gls' on input line 43.

<./images/Schema_PAM.png, id=656, 848.16875pt x 591.20876pt>
File: ./images/Schema_PAM.png Graphic file (type png)

<use ./images/Schema_PAM.png>
Package pdftex.def Info: ./images/Schema_PAM.png used on input line 50.
(pdftex.def)             Requested size: 360.0pt x 250.93112pt.
 [33 <./images/Sequence_noPAM_use.png> <./images/ressource_centered.png>]
<./images/Sequence_PAM_use.png, id=671, 790.45313pt x 795.72281pt>
File: ./images/Sequence_PAM_use.png Graphic file (type png)

<use ./images/Sequence_PAM_use.png>
Package pdftex.def Info: ./images/Sequence_PAM_use.png used on input line 68.
(pdftex.def)             Requested size: 431.9989pt x 434.88057pt.

Overfull \hbox (71.9989pt too wide) in paragraph at lines 68--69
 [] 
 []

[34 <./images/Schema_PAM.png>] [35 <./images/Sequence_PAM_use.png>] [36]
<./images/extraitEDA.pdf, id=701, 597.23125pt x 845.1575pt>
File: ./images/extraitEDA.pdf Graphic file (type pdf)

<use ./images/extraitEDA.pdf>
Package pdftex.def Info: ./images/extraitEDA.pdf used on input line 125.
(pdftex.def)             Requested size: 360.0pt x 509.4455pt.
) [37 <./images/extraitEDA.pdf>]
\openout2 = `resume.aux'.

 (resume.tex)
[38



]
\openout2 = `abstract.aux'.

 (abstract.tex) [39



]
Package atveryend Info: Empty hook `BeforeClearDocument' on input line 70.
Package atveryend Info: Empty hook `AfterLastShipout' on input line 70.
 (Z:\Alex-K\GitHub\report_stage\build\rapport.aux
(Z:\Alex-K\GitHub\report_stage\build\title.aux)
(Z:\Alex-K\GitHub\report_stage\build\remerciements.aux)
(Z:\Alex-K\GitHub\report_stage\build\intro.aux)
(Z:\Alex-K\GitHub\report_stage\build\partie1.aux)
(Z:\Alex-K\GitHub\report_stage\build\partie2.aux)
(Z:\Alex-K\GitHub\report_stage\build\partie3.aux)
(Z:\Alex-K\GitHub\report_stage\build\concl.aux)
(Z:\Alex-K\GitHub\report_stage\build\references.aux)
(Z:\Alex-K\GitHub\report_stage\build\annexes.aux)
(Z:\Alex-K\GitHub\report_stage\build\resume.aux)
(Z:\Alex-K\GitHub\report_stage\build\abstract.aux))
Package atveryend Info: Executing hook `AtVeryEndDocument' on input line 70.
Package atveryend Info: Executing hook `AtEndAfterFileList' on input line 70.
Package rerunfilecheck Info: File `rapport.out' has not changed.
(rerunfilecheck)             Checksum: E984D77F5CC5DB0A4434BCEFDD953301;4064.


LaTeX Warning: There were multiply-defined labels.

Package atveryend Info: Empty hook `AtVeryVeryEnd' on input line 70.
 ) 
Here is how much of TeX's memory you used:
 22473 strings out of 493335
 403885 string characters out of 3133259
 540966 words of memory out of 3000000
 25268 multiletter control sequences out of 15000+200000
 22509 words of font info for 49 fonts, out of 3000000 for 9000
 1141 hyphenation exceptions out of 8191
 55i,10n,54p,1952b,589s stack positions out of 5000i,500n,10000p,200000b,50000s
 <C:\Users\SYNETIS\AppData\Local\MiKTeX\2.9\fonts\pk\ljfour\jknappen\ec\dpi60
0\ecrm0600.pk> <C:\Users\SYNETIS\AppData\Local\MiKTeX\2.9\fonts\pk\ljfour\jknap
pen\ec\dpi600\ecti0800.pk> <C:\Users\SYNETIS\AppData\Local\MiKTeX\2.9\fonts\pk\
ljfour\jknappen\ec\dpi600\ecti0900.pk> <C:\Users\SYNETIS\AppData\Local\MiKTeX\2
.9\fonts\pk\ljfour\jknappen\ec\dpi600\ectt0900.pk> <C:\Users\SYNETIS\AppData\Lo
cal\MiKTeX\2.9\fonts\pk\ljfour\jknappen\ec\dpi600\ecti1095.pk> <C:\Users\SYNETI
S\AppData\Local\MiKTeX\2.9\fonts\pk\ljfour\jknappen\ec\dpi600\eccc0900.pk> <C:\
Users\SYNETIS\AppData\Local\MiKTeX\2.9\fonts\pk\ljfour\jknappen\ec\dpi600\ecbx1
200.pk> <C:\Users\SYNETIS\AppData\Local\MiKTeX\2.9\fonts\pk\ljfour\jknappen\ec\
dpi600\ecrm0900.pk> <C:\Users\SYNETIS\AppData\Local\MiKTeX\2.9\fonts\pk\ljfour\
jknappen\ec\dpi600\ectt1095.pk> <C:\Users\SYNETIS\AppData\Local\MiKTeX\2.9\font
s\pk\ljfour\jknappen\ec\dpi600\ecrm0800.pk> <C:\Users\SYNETIS\AppData\Local\MiK
TeX\2.9\fonts\pk\ljfour\jknappen\ec\dpi600\ecbx1095.pk> <C:\Users\SYNETIS\AppDa
ta\Local\MiKTeX\2.9\fonts\pk\ljfour\jknappen\ec\dpi600\eccc1095.pk> <C:\Users\S
YNETIS\AppData\Local\MiKTeX\2.9\fonts\pk\ljfour\jknappen\ec\dpi600\ecrm1095.pk>
 <C:\Users\SYNETIS\AppData\Local\MiKTeX\2.9\fonts\pk\ljfour\jknappen\ec\dpi600\
ecbx1440.pk> <C:\Users\SYNETIS\AppData\Local\MiKTeX\2.9\fonts\pk\ljfour\jknappe
n\ec\dpi600\eccc1200.pk> <C:\Users\SYNETIS\AppData\Local\MiKTeX\2.9\fonts\pk\lj
four\jknappen\ec\dpi600\ecrm1200.pk> <C:\Users\SYNETIS\AppData\Local\MiKTeX\2.9
\fonts\pk\ljfour\jknappen\ec\dpi600\ecti1200.pk> <C:\Users\SYNETIS\AppData\Loca
l\MiKTeX\2.9\fonts\pk\ljfour\jknappen\ec\dpi600\ecbx2074.pk> <C:\Users\SYNETIS\
AppData\Local\MiKTeX\2.9\fonts\pk\ljfour\jknappen\ec\dpi600\eccc1440.pk><D:/use
rs/SYNETIS/Alexandre_kervadec/LaTeX/fonts/type1/public/amsfonts/cm/cmsy10.pfb><
D:/users/SYNETIS/Alexandre_kervadec/LaTeX/fonts/type1/public/amsfonts/cm/cmsy8.
pfb>
Output written on rapport.pdf (40 pages, 1546975 bytes).
PDF statistics:
 1499 PDF objects out of 1728 (max. 8388607)
 178 named destinations out of 1000 (max. 500000)
 454 words of extra memory for PDF output out of 10000 (max. 10000000)

